2025-04-27 20:01:04,756 [MainThread  ] [INFO ]  Executing biobb_chemistry.acpype.acpype_params_gmx Version: 4.2.0
2025-04-27 20:01:04,760 [MainThread  ] [INFO ]  Copy: /home/arunima/gitrepos/gromacs_sims/Antimicrobial_Peptides/Pseudomonas_antibiotics/simulation/levgyra2018/LEV.H.min.mol2 to /home/arunima/gitrepos/gromacs_sims/Antimicrobial_Peptides/Pseudomonas_antibiotics/simulation/levgyra2018/791db303-bc0e-422c-a1e2-e92ecfbaa170
2025-04-27 20:01:04,760 [MainThread  ] [INFO ]  acpype -i /home/arunima/gitrepos/gromacs_sims/Antimicrobial_Peptides/Pseudomonas_antibiotics/simulation/levgyra2018/791db303-bc0e-422c-a1e2-e92ecfbaa170/LEV.H.min.mol2 -b LEVparams.wAChPh -n 0

2025-04-27 20:01:05,245 [MainThread  ] [INFO ]  Exit code 19

2025-04-27 20:01:05,246 [MainThread  ] [INFO ]  ==========================================================================
| ACPYPE: AnteChamber PYthon Parser interfacE v. 2022.6.6 (c) 2025 AWSdS |
==========================================================================
==> ... charge set to 0
==> Executing Antechamber...
ERROR: ++++++++++start_quote+++++++++++++++++++++++++++++++++++++++++++++++++++++++++++
ERROR: Info: The atom type is set to gaff2; the options available to the -at flag are
 gaff, gaff2, amber, bcc, abcg2, and sybyl.

Info: Finished reading file (LEV.H.min.mol2); atoms read (29), bonds read (32).
Info: Determining atomic numbers from atomic symbols which are case sensitive.
Running: /home/arunima/.conda/envs/biobb_wf_protein-complex_md_setup/bin/bondtype -j full -i ANTECHAMBER_BOND_TYPE.AC0 -o ANTECHAMBER_BOND_TYPE.AC -f ac
Warning: The assigned bond types may be wrong, please :
(1) double check the structure (the connectivity) and/or 
(2) adjust atom valence penalty parameters in APS.DAT, and/or 
(3) increase PSCUTOFF in define.h and recompile bondtype.c
 (be cautious, using a large value of PSCUTOFF (>100) will 
 significantly increase the computation time).

Running: /home/arunima/.conda/envs/biobb_wf_protein-complex_md_setup/bin/atomtype -i ANTECHAMBER_AC.AC0 -o ANTECHAMBER_AC.AC -p gaff2
Info: Total number of electrons: 173; net charge: 0
Info: The number of electrons is odd (173).
 Please check the total charge (-nc flag) and spin multiplicity (-m flag).

Running: /home/arunima/.conda/envs/biobb_wf_protein-complex_md_setup/bin/sqm -O -i sqm.in -o sqm.out
/home/arunima/.conda/envs/biobb_wf_protein-complex_md_setup/bin/wrapped_progs/antechamber: Fatal Error!
Cannot properly run "/home/arunima/.conda/envs/biobb_wf_protein-complex_md_setup/bin/sqm -O -i sqm.in -o sqm.out".

ERROR: ++++++++++end_quote+++++++++++++++++++++++++++++++++++++++++++++++++++++++++++++
ERROR: Antechamber failed
ERROR: ++++++++++start_quote+++++++++++++++++++++++++++++++++++++++++++++++++++++++++++
ERROR: Cannot open file (LEVparams.wAChPh_bcc_gaff2.mol2) with mode (r).
No such file or directory
ERROR: ++++++++++end_quote+++++++++++++++++++++++++++++++++++++++++++++++++++++++++++++
ERROR: Parmchk failed
ERROR: Tleap failed
==> Removing temporary files...
ERROR: ACPYPE FAILED: [Errno 2] No such file or directory: 'LEVparams.wAChPh_AC.prmtop'
Traceback (most recent call last):
  File "/home/arunima/.conda/envs/biobb_wf_protein-complex_md_setup/lib/python3.12/site-packages/acpype/cli.py", line 140, in init_main
    molecule.createMolTopol()
  File "/home/arunima/.conda/envs/biobb_wf_protein-complex_md_setup/lib/python3.12/site-packages/acpype/topol.py", line 1116, in createMolTopol
    self.topFileData = open(self.acTopFileName).readlines()
                       ^^^^^^^^^^^^^^^^^^^^^^^^
FileNotFoundError: [Errno 2] No such file or directory: 'LEVparams.wAChPh_AC.prmtop'
Total time of execution: less than a second

2025-04-27 20:01:05,248 [MainThread  ] [INFO ]  Path LEVparams.gro --- biobb_chemistry.acpype.acpype_params_gmx: Unexisting output_path_gro file.
2025-04-27 20:01:05,249 [MainThread  ] [INFO ]  Path LEVparams.itp --- biobb_chemistry.acpype.acpype_params_gmx: Unexisting output_path_itp file.
2025-04-27 20:01:05,250 [MainThread  ] [INFO ]  Path LEVparams.top --- biobb_chemistry.acpype.acpype_params_gmx: Unexisting output_path_top file.
